\BOOKMARK [0][-]{chapter.1}{\376\377\000T\000o\000w\000a\000r\000d\000\040\000C\000o\000n\000g\000r\000u\000e\000n\000c\000e\000\040\000a\000n\000d\000\040\000S\000i\000m\000i\000l\000a\000r\000i\000t\000y\000\040\000\050\000d\000r\000a\000f\000t\000\051}{}% 1
\BOOKMARK [1][-]{section.1.1}{\376\377\000T\000r\000a\000n\000s\000f\000o\000r\000m\000a\000t\000i\000o\000n\000s\000,\000\040\000S\000y\000m\000m\000e\000t\000r\000y\000,\000\040\000a\000n\000d\000\040\000C\000o\000n\000g\000r\000u\000e\000n\000c\000e}{chapter.1}% 2
\BOOKMARK [1][-]{section.1.2}{\376\377\000E\000u\000c\000l\000i\000d\000e\000a\000n\000\040\000a\000n\000d\000\040\000n\000o\000n\000-\000E\000u\000c\000l\000i\000d\000e\000a\000n\000\040\000G\000e\000o\000m\000e\000t\000r\000i\000e\000s}{chapter.1}% 3
\BOOKMARK [1][-]{section.1.3}{\376\377\000A\000s\000s\000u\000m\000p\000t\000i\000o\000n\000s\000\040\000i\000n\000\040\000M\000a\000t\000h\000e\000m\000a\000t\000i\000c\000s}{chapter.1}% 4
\BOOKMARK [1][-]{section.1.4}{\376\377\000D\000i\000l\000a\000t\000i\000o\000n\000s\000,\000\040\000S\000c\000a\000l\000i\000n\000g\000,\000\040\000a\000n\000d\000\040\000S\000i\000m\000i\000l\000a\000r\000i\000t\000y}{chapter.1}% 5
\BOOKMARK [1][-]{section.1.5}{\376\377\000L\000e\000n\000g\000t\000h\000,\000\040\000A\000r\000e\000a\000,\000\040\000a\000n\000d\000\040\000V\000o\000l\000u\000m\000e\000\040\000U\000n\000d\000e\000r\000\040\000S\000c\000a\000l\000i\000n\000g}{chapter.1}% 6
\BOOKMARK [0][-]{appendix.A}{\376\377\000S\000u\000p\000p\000l\000e\000m\000e\000n\000t\000a\000l\000\040\000A\000c\000t\000i\000v\000i\000t\000i\000e\000s}{}% 7
\BOOKMARK [1][-]{section.A.1}{\376\377\000M\000e\000a\000s\000u\000r\000i\000n\000g\000\040\000A\000r\000e\000a}{appendix.A}% 8
\BOOKMARK [1][-]{section.A.2}{\376\377\000T\000r\000i\000a\000n\000g\000l\000e\000\040\000I\000n\000v\000e\000s\000t\000i\000g\000a\000t\000i\000o\000n}{appendix.A}% 9
\BOOKMARK [1][-]{section.A.3}{\376\377\000T\000i\000l\000t\000e\000d\000\040\000S\000q\000u\000a\000r\000e}{appendix.A}% 10
\BOOKMARK [1][-]{section.A.4}{\376\377\000P\000y\000t\000h\000a\000g\000o\000r\000e\000a\000n\000\040\000T\000h\000e\000o\000r\000e\000m}{appendix.A}% 11
\BOOKMARK [1][-]{section.A.5}{\376\377\000T\000r\000a\000p\000e\000z\000o\000i\000d\000\040\000A\000r\000e\000a}{appendix.A}% 12
\BOOKMARK [1][-]{section.A.6}{\376\377\000U\000n\000M\000e\000s\000s\000U\000p\000a\000b\000l\000e\000\040\000F\000i\000g\000u\000r\000e\000s}{appendix.A}% 13
\BOOKMARK [1][-]{section.A.7}{\376\377\000I\000s\000o\000s\000c\000e\000l\000e\000s\000\040\000B\000i\000s\000e\000c\000t\000o\000r\000s}{appendix.A}% 14
\BOOKMARK [1][-]{section.A.8}{\376\377\000A\000b\000o\000u\000t\000\040\000M\000e\000d\000i\000a\000n\000s}{appendix.A}% 15
\BOOKMARK [1][-]{section.A.9}{\376\377\000M\000o\000r\000e\000\040\000C\000i\000r\000c\000l\000e\000s}{appendix.A}% 16
\BOOKMARK [1][-]{section.A.10}{\376\377\000Q\000u\000a\000d\000r\000i\000l\000a\000t\000e\000r\000a\000l\000\040\000D\000i\000a\000g\000o\000n\000a\000l\000s}{appendix.A}% 17
\BOOKMARK [1][-]{section.A.11}{\376\377\000C\000o\000n\000g\000r\000u\000e\000n\000c\000e\000\040\000v\000i\000a\000\040\000T\000r\000a\000n\000s\000f\000o\000r\000m\000a\000t\000i\000o\000n\000s}{appendix.A}% 18
\BOOKMARK [1][-]{section.A.12}{\376\377\000M\000o\000r\000e\000\040\000T\000r\000a\000n\000s\000f\000o\000r\000m\000a\000t\000i\000o\000n\000s}{appendix.A}% 19
\BOOKMARK [1][-]{section.A.13}{\376\377\000S\000y\000m\000m\000e\000t\000r\000i\000e\000s}{appendix.A}% 20
\BOOKMARK [1][-]{section.A.14}{\376\377\000C\000o\000n\000g\000r\000u\000e\000n\000c\000e\000\040\000C\000r\000i\000t\000e\000r\000i\000a}{appendix.A}% 21
\BOOKMARK [1][-]{section.A.15}{\376\377\000P\000a\000r\000a\000l\000l\000e\000l\000s}{appendix.A}% 22
\BOOKMARK [1][-]{section.A.16}{\376\377\000M\000i\000d\000s\000e\000g\000m\000e\000n\000t\000s}{appendix.A}% 23
\BOOKMARK [1][-]{section.A.17}{\376\377\000S\000i\000m\000i\000l\000a\000r\000i\000t\000i\000e\000s}{appendix.A}% 24
\BOOKMARK [1][-]{section.A.18}{\376\377\000S\000i\000d\000e\000-\000S\000p\000l\000i\000t\000t\000e\000r\000\040\000T\000h\000e\000o\000r\000e\000m\000s}{appendix.A}% 25
\BOOKMARK [1][-]{section.A.19}{\376\377\000R\000e\000p\000-\000T\000i\000l\000e\000s}{appendix.A}% 26
\BOOKMARK [1][-]{section.A.20}{\376\377\000S\000c\000a\000l\000i\000n\000g\000\040\000A\000r\000e\000a\000\040\000a\000n\000d\000\040\000V\000o\000l\000u\000m\000e}{appendix.A}% 27
\BOOKMARK [1][-]{section.A.21}{\376\377\000T\000u\000r\000n\000\040\000U\000p\000\040\000t\000h\000e\000\040\000V\000o\000l\000u\000m\000e\000!}{appendix.A}% 28
\BOOKMARK [1][-]{section.A.22}{\376\377\000C\000o\000o\000r\000d\000i\000n\000a\000t\000e\000\040\000C\000o\000n\000s\000t\000r\000u\000c\000t\000i\000o\000n\000s}{appendix.A}% 29
\BOOKMARK [1][-]{section.A.23}{\376\377\000T\000r\000i\000g\000o\000n\000o\000m\000e\000t\000r\000y\000\040\000C\000h\000e\000c\000k\000u\000p}{appendix.A}% 30
\BOOKMARK [1][-]{section.A.24}{\376\377\000M\000o\000r\000e\000\040\000M\000e\000d\000i\000a\000n\000s}{appendix.A}% 31
\BOOKMARK [1][-]{section.A.25}{\376\377\000C\000o\000n\000s\000t\000r\000u\000c\000t\000i\000b\000l\000e\000\040\000N\000u\000m\000b\000e\000r\000s}{appendix.A}% 32
\BOOKMARK [1][-]{section.A.26}{\376\377\000A\000r\000e\000a\000\040\000a\000n\000d\000\040\000P\000e\000r\000i\000m\000e\000t\000e\000r}{appendix.A}% 33
\BOOKMARK [1][-]{section.A.27}{\376\377\000P\000e\000r\000p\000e\000n\000d\000i\000c\000u\000l\000a\000r\000\040\000B\000i\000s\000e\000c\000t\000o\000r\000:\000\040\000R\000e\000a\000s\000o\000n\000i\000n\000g\000\040\000w\000i\000t\000h\000\040\000A\000l\000g\000e\000b\000r\000a}{appendix.A}% 34
\BOOKMARK [1][-]{section.A.28}{\376\377\000T\000a\000x\000i\000c\000a\000b\000\040\000D\000i\000s\000t\000a\000n\000c\000e}{appendix.A}% 35
\BOOKMARK [1][-]{section.A.29}{\376\377\000C\000i\000t\000y\000\040\000G\000e\000o\000m\000e\000t\000r\000y\000\040\000a\000n\000d\000\040\000A\000b\000s\000o\000l\000u\000t\000e\000\040\000V\000a\000l\000u\000e}{appendix.A}% 36
\BOOKMARK [1][-]{section.A.30}{\376\377\000C\000o\000m\000p\000o\000s\000i\000n\000g\000\040\000T\000r\000a\000n\000s\000f\000o\000r\000m\000a\000t\000i\000o\000n\000s}{appendix.A}% 37
\BOOKMARK [0][-]{appendix.B}{\376\377\000S\000u\000p\000p\000l\000e\000m\000e\000n\000t\000a\000l\000\040\000P\000r\000o\000b\000l\000e\000m\000s}{}% 38
\BOOKMARK [1][-]{section.B.1}{\376\377\000M\000i\000d\000t\000e\000r\000m\000\040\0001\000\040\000R\000e\000v\000i\000e\000w\000\040\000P\000r\000o\000b\000l\000e\000m\000s}{appendix.B}% 39
\BOOKMARK [1][-]{section.B.2}{\376\377\000M\000i\000d\000t\000e\000r\000m\000\040\0002\000\040\000R\000e\000v\000i\000e\000w\000\040\000P\000r\000o\000b\000l\000e\000m\000s}{appendix.B}% 40
\BOOKMARK [1][-]{section.B.3}{\376\377\000S\000u\000p\000p\000l\000e\000m\000e\000n\000t\000a\000l\000\040\000P\000r\000o\000b\000l\000e\000m\000s}{appendix.B}% 41
